ARM GAS  /tmp/ccG5PZqi.s 			page 1


   1              		.cpu cortex-m4
   2              		.eabi_attribute 27, 1
   3              		.eabi_attribute 28, 1
   4              		.eabi_attribute 20, 1
   5              		.eabi_attribute 21, 1
   6              		.eabi_attribute 23, 3
   7              		.eabi_attribute 24, 1
   8              		.eabi_attribute 25, 1
   9              		.eabi_attribute 26, 1
  10              		.eabi_attribute 30, 1
  11              		.eabi_attribute 34, 1
  12              		.eabi_attribute 18, 4
  13              		.file	"app_main.cpp"
  14              		.text
  15              	.Ltext0:
  16              		.cfi_sections	.debug_frame
  17              		.section	.text.app_main,"ax",%progbits
  18              		.align	1
  19              		.global	app_main
  20              		.syntax unified
  21              		.thumb
  22              		.thumb_func
  23              		.fpu fpv4-sp-d16
  25              	app_main:
  26              		.fnstart
  27              	.LFB132:
  28              		.file 1 "Core/Src/Cpp/app_main.cpp"
   1:Core/Src/Cpp/app_main.cpp **** #include "main.h"
   2:Core/Src/Cpp/app_main.cpp **** #include "app_main.h"
   3:Core/Src/Cpp/app_main.cpp **** int app_main()
   4:Core/Src/Cpp/app_main.cpp **** {
  29              		.loc 1 4 0
  30              		.cfi_startproc
  31              		@ args = 0, pretend = 0, frame = 0
  32              		@ frame_needed = 0, uses_anonymous_args = 0
  33 0000 08B5     		push	{r3, lr}
  34              		.save {r3, lr}
  35              	.LCFI0:
  36              		.cfi_def_cfa_offset 8
  37              		.cfi_offset 3, -8
  38              		.cfi_offset 14, -4
   5:Core/Src/Cpp/app_main.cpp **** 	HAL_GPIO_WritePin(LD2_GPIO_Port, LD2_Pin, GPIO_PIN_SET);
  39              		.loc 1 5 0
  40 0002 0122     		movs	r2, #1
  41 0004 2021     		movs	r1, #32
  42 0006 4FF09040 		mov	r0, #1207959552
  43 000a FFF7FEFF 		bl	HAL_GPIO_WritePin
  44              	.LVL0:
   6:Core/Src/Cpp/app_main.cpp **** 	HAL_Delay(300);
  45              		.loc 1 6 0
  46 000e 4FF49670 		mov	r0, #300
  47 0012 FFF7FEFF 		bl	HAL_Delay
  48              	.LVL1:
   7:Core/Src/Cpp/app_main.cpp **** 	HAL_GPIO_WritePin(LD2_GPIO_Port, LD2_Pin, GPIO_PIN_RESET);
  49              		.loc 1 7 0
  50 0016 0022     		movs	r2, #0
  51 0018 2021     		movs	r1, #32
ARM GAS  /tmp/ccG5PZqi.s 			page 2


  52 001a 4FF09040 		mov	r0, #1207959552
  53 001e FFF7FEFF 		bl	HAL_GPIO_WritePin
  54              	.LVL2:
   8:Core/Src/Cpp/app_main.cpp **** 	HAL_Delay(300);
  55              		.loc 1 8 0
  56 0022 4FF49670 		mov	r0, #300
  57 0026 FFF7FEFF 		bl	HAL_Delay
  58              	.LVL3:
   9:Core/Src/Cpp/app_main.cpp **** 	return 1; 
  10:Core/Src/Cpp/app_main.cpp **** }
  59              		.loc 1 10 0
  60 002a 0120     		movs	r0, #1
  61 002c 08BD     		pop	{r3, pc}
  62              		.cfi_endproc
  63              	.LFE132:
  64              		.fnend
  66              		.text
  67              	.Letext0:
  68              		.file 2 "/usr/include/newlib/machine/_default_types.h"
  69              		.file 3 "/usr/include/newlib/sys/_stdint.h"
  70              		.file 4 "Drivers/CMSIS/Include/core_cm4.h"
  71              		.file 5 "Drivers/CMSIS/Device/ST/STM32G4xx/Include/system_stm32g4xx.h"
  72              		.file 6 "Drivers/CMSIS/Device/ST/STM32G4xx/Include/stm32g474xx.h"
  73              		.file 7 "Drivers/STM32G4xx_HAL_Driver/Inc/stm32g4xx_hal_def.h"
  74              		.file 8 "Drivers/STM32G4xx_HAL_Driver/Inc/stm32g4xx_hal_gpio.h"
  75              		.file 9 "Drivers/STM32G4xx_HAL_Driver/Inc/stm32g4xx_hal_dma.h"
  76              		.file 10 "Drivers/STM32G4xx_HAL_Driver/Inc/stm32g4xx_hal_flash.h"
  77              		.file 11 "Drivers/STM32G4xx_HAL_Driver/Inc/stm32g4xx_hal_uart.h"
  78              		.file 12 "Drivers/STM32G4xx_HAL_Driver/Inc/stm32g4xx_hal.h"
  79              		.file 13 "Core/Inc/usart.h"
ARM GAS  /tmp/ccG5PZqi.s 			page 3


DEFINED SYMBOLS
                            *ABS*:0000000000000000 app_main.cpp
     /tmp/ccG5PZqi.s:18     .text.app_main:0000000000000000 $t
     /tmp/ccG5PZqi.s:25     .text.app_main:0000000000000000 app_main
         .ARM.extab.text.app_main:0000000000000000 $d
         .ARM.exidx.text.app_main:0000000000000000 $d

UNDEFINED SYMBOLS
HAL_GPIO_WritePin
HAL_Delay
__aeabi_unwind_cpp_pr1
